-------------------------------------------------------------------------------
Test set: com.fullstackapp.springbootlibrary.SpringBootLibraryApplicationTests
-------------------------------------------------------------------------------
Tests run: 1, Failures: 0, Errors: 1, Skipped: 0, Time elapsed: 7.076 s <<< FAILURE! - in com.fullstackapp.springbootlibrary.SpringBootLibraryApplicationTests
contextLoads  Time elapsed: 0 s  <<< ERROR!
java.lang.IllegalStateException: Failed to load ApplicationContext for [WebMergedContextConfiguration@50008974 testClass = com.fullstackapp.springbootlibrary.SpringBootLibraryApplicationTests, locations = [], classes = [com.fullstackapp.springbootlibrary.SpringBootLibraryApplication], contextInitializerClasses = [], activeProfiles = [], propertySourceLocations = [], propertySourceProperties = ["org.springframework.boot.test.context.SpringBootTestContextBootstrapper=true"], contextCustomizers = [org.springframework.boot.test.context.filter.ExcludeFilterContextCustomizer@2794eab6, org.springframework.boot.test.json.DuplicateJsonObjectContextCustomizerFactory$DuplicateJsonObjectContextCustomizer@6574a52c, org.springframework.boot.test.mock.mockito.MockitoContextCustomizer@0, org.springframework.boot.test.web.client.TestRestTemplateContextCustomizer@f78a47e, org.springframework.boot.test.autoconfigure.actuate.observability.ObservabilityContextCustomizerFactory$DisableObservabilityContextCustomizer@9da1, org.springframework.boot.test.autoconfigure.properties.PropertyMappingContextCustomizer@0, org.springframework.boot.test.autoconfigure.web.servlet.WebDriverContextCustomizerFactory$Customizer@58cbafc2, org.springframework.boot.test.context.SpringBootTestAnnotation@a41f1e19], resourceBasePath = "src/main/webapp", contextLoader = org.springframework.boot.test.context.SpringBootContextLoader, parent = null]
Caused by: org.springframework.beans.factory.UnsatisfiedDependencyException: Error creating bean with name 'requestMappingHandlerAdapter' defined in class path resource [org/springframework/boot/autoconfigure/web/servlet/WebMvcAutoConfiguration$EnableWebMvcConfiguration.class]: Unsatisfied dependency expressed through method 'requestMappingHandlerAdapter' parameter 1: Error creating bean with name 'mvcConversionService' defined in class path resource [org/springframework/boot/autoconfigure/web/servlet/WebMvcAutoConfiguration$EnableWebMvcConfiguration.class]: Failed to instantiate [org.springframework.format.support.FormattingConversionService]: Factory method 'mvcConversionService' threw exception with message: Error creating bean with name 'jsonSchemaConverter' defined in class path resource [org/springframework/data/rest/webmvc/config/RepositoryRestMvcConfiguration.class]: Unsatisfied dependency expressed through method 'jsonSchemaConverter' parameter 1: Error creating bean with name 'associationLinks' defined in class path resource [org/springframework/data/rest/webmvc/config/RepositoryRestMvcConfiguration.class]: Unsatisfied dependency expressed through method 'associationLinks' parameter 0: Error creating bean with name 'resourceMappings' defined in class path resource [org/springframework/data/rest/webmvc/config/RepositoryRestMvcConfiguration.class]: Unsatisfied dependency expressed through method 'resourceMappings' parameter 0: Error creating bean with name 'repositories' defined in class path resource [org/springframework/data/rest/webmvc/config/RepositoryRestMvcConfiguration.class]: Failed to instantiate [org.springframework.data.repository.support.Repositories]: Factory method 'repositories' threw exception with message: Error creating bean with name 'bookRepository' defined in com.fullstackapp.springbootlibrary.dao.BookRepository defined in @EnableJpaRepositories declared on JpaRepositoriesRegistrar.EnableJpaRepositoriesConfiguration: Could not create query for public abstract org.springframework.data.domain.Page com.fullstackapp.springbootlibrary.dao.BookRepository.findByTitleContaining(java.lang.String); Reason: Paging query needs to have a Pageable parameter; Offending method: public abstract org.springframework.data.domain.Page com.fullstackapp.springbootlibrary.dao.BookRepository.findByTitleContaining(java.lang.String)
Caused by: org.springframework.beans.factory.BeanCreationException: Error creating bean with name 'mvcConversionService' defined in class path resource [org/springframework/boot/autoconfigure/web/servlet/WebMvcAutoConfiguration$EnableWebMvcConfiguration.class]: Failed to instantiate [org.springframework.format.support.FormattingConversionService]: Factory method 'mvcConversionService' threw exception with message: Error creating bean with name 'jsonSchemaConverter' defined in class path resource [org/springframework/data/rest/webmvc/config/RepositoryRestMvcConfiguration.class]: Unsatisfied dependency expressed through method 'jsonSchemaConverter' parameter 1: Error creating bean with name 'associationLinks' defined in class path resource [org/springframework/data/rest/webmvc/config/RepositoryRestMvcConfiguration.class]: Unsatisfied dependency expressed through method 'associationLinks' parameter 0: Error creating bean with name 'resourceMappings' defined in class path resource [org/springframework/data/rest/webmvc/config/RepositoryRestMvcConfiguration.class]: Unsatisfied dependency expressed through method 'resourceMappings' parameter 0: Error creating bean with name 'repositories' defined in class path resource [org/springframework/data/rest/webmvc/config/RepositoryRestMvcConfiguration.class]: Failed to instantiate [org.springframework.data.repository.support.Repositories]: Factory method 'repositories' threw exception with message: Error creating bean with name 'bookRepository' defined in com.fullstackapp.springbootlibrary.dao.BookRepository defined in @EnableJpaRepositories declared on JpaRepositoriesRegistrar.EnableJpaRepositoriesConfiguration: Could not create query for public abstract org.springframework.data.domain.Page com.fullstackapp.springbootlibrary.dao.BookRepository.findByTitleContaining(java.lang.String); Reason: Paging query needs to have a Pageable parameter; Offending method: public abstract org.springframework.data.domain.Page com.fullstackapp.springbootlibrary.dao.BookRepository.findByTitleContaining(java.lang.String)
Caused by: org.springframework.beans.BeanInstantiationException: Failed to instantiate [org.springframework.format.support.FormattingConversionService]: Factory method 'mvcConversionService' threw exception with message: Error creating bean with name 'jsonSchemaConverter' defined in class path resource [org/springframework/data/rest/webmvc/config/RepositoryRestMvcConfiguration.class]: Unsatisfied dependency expressed through method 'jsonSchemaConverter' parameter 1: Error creating bean with name 'associationLinks' defined in class path resource [org/springframework/data/rest/webmvc/config/RepositoryRestMvcConfiguration.class]: Unsatisfied dependency expressed through method 'associationLinks' parameter 0: Error creating bean with name 'resourceMappings' defined in class path resource [org/springframework/data/rest/webmvc/config/RepositoryRestMvcConfiguration.class]: Unsatisfied dependency expressed through method 'resourceMappings' parameter 0: Error creating bean with name 'repositories' defined in class path resource [org/springframework/data/rest/webmvc/config/RepositoryRestMvcConfiguration.class]: Failed to instantiate [org.springframework.data.repository.support.Repositories]: Factory method 'repositories' threw exception with message: Error creating bean with name 'bookRepository' defined in com.fullstackapp.springbootlibrary.dao.BookRepository defined in @EnableJpaRepositories declared on JpaRepositoriesRegistrar.EnableJpaRepositoriesConfiguration: Could not create query for public abstract org.springframework.data.domain.Page com.fullstackapp.springbootlibrary.dao.BookRepository.findByTitleContaining(java.lang.String); Reason: Paging query needs to have a Pageable parameter; Offending method: public abstract org.springframework.data.domain.Page com.fullstackapp.springbootlibrary.dao.BookRepository.findByTitleContaining(java.lang.String)
Caused by: org.springframework.beans.factory.UnsatisfiedDependencyException: Error creating bean with name 'jsonSchemaConverter' defined in class path resource [org/springframework/data/rest/webmvc/config/RepositoryRestMvcConfiguration.class]: Unsatisfied dependency expressed through method 'jsonSchemaConverter' parameter 1: Error creating bean with name 'associationLinks' defined in class path resource [org/springframework/data/rest/webmvc/config/RepositoryRestMvcConfiguration.class]: Unsatisfied dependency expressed through method 'associationLinks' parameter 0: Error creating bean with name 'resourceMappings' defined in class path resource [org/springframework/data/rest/webmvc/config/RepositoryRestMvcConfiguration.class]: Unsatisfied dependency expressed through method 'resourceMappings' parameter 0: Error creating bean with name 'repositories' defined in class path resource [org/springframework/data/rest/webmvc/config/RepositoryRestMvcConfiguration.class]: Failed to instantiate [org.springframework.data.repository.support.Repositories]: Factory method 'repositories' threw exception with message: Error creating bean with name 'bookRepository' defined in com.fullstackapp.springbootlibrary.dao.BookRepository defined in @EnableJpaRepositories declared on JpaRepositoriesRegistrar.EnableJpaRepositoriesConfiguration: Could not create query for public abstract org.springframework.data.domain.Page com.fullstackapp.springbootlibrary.dao.BookRepository.findByTitleContaining(java.lang.String); Reason: Paging query needs to have a Pageable parameter; Offending method: public abstract org.springframework.data.domain.Page com.fullstackapp.springbootlibrary.dao.BookRepository.findByTitleContaining(java.lang.String)
Caused by: org.springframework.beans.factory.UnsatisfiedDependencyException: Error creating bean with name 'associationLinks' defined in class path resource [org/springframework/data/rest/webmvc/config/RepositoryRestMvcConfiguration.class]: Unsatisfied dependency expressed through method 'associationLinks' parameter 0: Error creating bean with name 'resourceMappings' defined in class path resource [org/springframework/data/rest/webmvc/config/RepositoryRestMvcConfiguration.class]: Unsatisfied dependency expressed through method 'resourceMappings' parameter 0: Error creating bean with name 'repositories' defined in class path resource [org/springframework/data/rest/webmvc/config/RepositoryRestMvcConfiguration.class]: Failed to instantiate [org.springframework.data.repository.support.Repositories]: Factory method 'repositories' threw exception with message: Error creating bean with name 'bookRepository' defined in com.fullstackapp.springbootlibrary.dao.BookRepository defined in @EnableJpaRepositories declared on JpaRepositoriesRegistrar.EnableJpaRepositoriesConfiguration: Could not create query for public abstract org.springframework.data.domain.Page com.fullstackapp.springbootlibrary.dao.BookRepository.findByTitleContaining(java.lang.String); Reason: Paging query needs to have a Pageable parameter; Offending method: public abstract org.springframework.data.domain.Page com.fullstackapp.springbootlibrary.dao.BookRepository.findByTitleContaining(java.lang.String)
Caused by: org.springframework.beans.factory.UnsatisfiedDependencyException: Error creating bean with name 'resourceMappings' defined in class path resource [org/springframework/data/rest/webmvc/config/RepositoryRestMvcConfiguration.class]: Unsatisfied dependency expressed through method 'resourceMappings' parameter 0: Error creating bean with name 'repositories' defined in class path resource [org/springframework/data/rest/webmvc/config/RepositoryRestMvcConfiguration.class]: Failed to instantiate [org.springframework.data.repository.support.Repositories]: Factory method 'repositories' threw exception with message: Error creating bean with name 'bookRepository' defined in com.fullstackapp.springbootlibrary.dao.BookRepository defined in @EnableJpaRepositories declared on JpaRepositoriesRegistrar.EnableJpaRepositoriesConfiguration: Could not create query for public abstract org.springframework.data.domain.Page com.fullstackapp.springbootlibrary.dao.BookRepository.findByTitleContaining(java.lang.String); Reason: Paging query needs to have a Pageable parameter; Offending method: public abstract org.springframework.data.domain.Page com.fullstackapp.springbootlibrary.dao.BookRepository.findByTitleContaining(java.lang.String)
Caused by: org.springframework.beans.factory.BeanCreationException: Error creating bean with name 'repositories' defined in class path resource [org/springframework/data/rest/webmvc/config/RepositoryRestMvcConfiguration.class]: Failed to instantiate [org.springframework.data.repository.support.Repositories]: Factory method 'repositories' threw exception with message: Error creating bean with name 'bookRepository' defined in com.fullstackapp.springbootlibrary.dao.BookRepository defined in @EnableJpaRepositories declared on JpaRepositoriesRegistrar.EnableJpaRepositoriesConfiguration: Could not create query for public abstract org.springframework.data.domain.Page com.fullstackapp.springbootlibrary.dao.BookRepository.findByTitleContaining(java.lang.String); Reason: Paging query needs to have a Pageable parameter; Offending method: public abstract org.springframework.data.domain.Page com.fullstackapp.springbootlibrary.dao.BookRepository.findByTitleContaining(java.lang.String)
Caused by: org.springframework.beans.BeanInstantiationException: Failed to instantiate [org.springframework.data.repository.support.Repositories]: Factory method 'repositories' threw exception with message: Error creating bean with name 'bookRepository' defined in com.fullstackapp.springbootlibrary.dao.BookRepository defined in @EnableJpaRepositories declared on JpaRepositoriesRegistrar.EnableJpaRepositoriesConfiguration: Could not create query for public abstract org.springframework.data.domain.Page com.fullstackapp.springbootlibrary.dao.BookRepository.findByTitleContaining(java.lang.String); Reason: Paging query needs to have a Pageable parameter; Offending method: public abstract org.springframework.data.domain.Page com.fullstackapp.springbootlibrary.dao.BookRepository.findByTitleContaining(java.lang.String)
Caused by: org.springframework.beans.factory.BeanCreationException: Error creating bean with name 'bookRepository' defined in com.fullstackapp.springbootlibrary.dao.BookRepository defined in @EnableJpaRepositories declared on JpaRepositoriesRegistrar.EnableJpaRepositoriesConfiguration: Could not create query for public abstract org.springframework.data.domain.Page com.fullstackapp.springbootlibrary.dao.BookRepository.findByTitleContaining(java.lang.String); Reason: Paging query needs to have a Pageable parameter; Offending method: public abstract org.springframework.data.domain.Page com.fullstackapp.springbootlibrary.dao.BookRepository.findByTitleContaining(java.lang.String)
Caused by: org.springframework.data.repository.query.QueryCreationException: Could not create query for public abstract org.springframework.data.domain.Page com.fullstackapp.springbootlibrary.dao.BookRepository.findByTitleContaining(java.lang.String); Reason: Paging query needs to have a Pageable parameter; Offending method: public abstract org.springframework.data.domain.Page com.fullstackapp.springbootlibrary.dao.BookRepository.findByTitleContaining(java.lang.String)
Caused by: java.lang.IllegalArgumentException: Paging query needs to have a Pageable parameter; Offending method: public abstract org.springframework.data.domain.Page com.fullstackapp.springbootlibrary.dao.BookRepository.findByTitleContaining(java.lang.String)

